"../../../UnrealVersusSoccer/Content/Geometry/Meshes/CubeMaterial.uasset" 0
"../../../UnrealVersusSoccer/Content/Geometry/Meshes/1M_Cube.uasset" 1
"../../../UnrealVersusSoccer/Content/Geometry/Meshes/1M_Cube_Chamfer.uasset" 2
"../../../Engine/Content/ArtTools/RenderToTexture/MaterialFunctions/FlipbookWind.uasset" 3
"../../../Engine/Content/EditorMaterials/Cascade/CASC_Cross.uasset" 4
"../../../Engine/Content/EditorMaterials/Cascade/CASC_None.uasset" 5
"../../../Engine/Content/Functions/Engine_MaterialFunctions03/Blends/Blend_Overlay.uasset" 6
"../../../UnrealVersusSoccer/Content/GrassTextures/Placeholder/tex_diffuse.uasset" 7
"../../../UnrealVersusSoccer/Content/GrassMaterial/Master_Material/M_grass_basic.uasset" 8
"../../../UnrealVersusSoccer/Content/GrassTextures/Grass_Flower/tex_grass_diff.uasset" 9
"../../../UnrealVersusSoccer/Content/GrassMaterial/Child_Material/M_grass_basic_Inst.uasset" 10
"../../../UnrealVersusSoccer/Content/GrassMeshes/Grass/SM_grass_patch1.uasset" 11
"../../../UnrealVersusSoccer/Content/GrassMeshes/Grass/SM_grass_patch2.uasset" 12
"../../../UnrealVersusSoccer/Content/GrassMeshes/Grass/SM_grass_patch3.uasset" 13
"../../../UnrealVersusSoccer/Content/GrassMeshes/Grass/SM_grass_patch4.uasset" 14
"../../../UnrealVersusSoccer/Content/GrassMeshes/Grass/SM_grass_patch5.uasset" 15
"../../../UnrealVersusSoccer/Content/GrassMeshes/Grass/SM_grass_patch6.uasset" 16
"../../../UnrealVersusSoccer/Content/Mannequin/Character/Mesh/UE4_Mannequin_Skeleton.uasset" 17
"../../../UnrealVersusSoccer/Content/Mannequin/Animations/ThirdPersonJump_End.uasset" 18
"../../../Engine/Content/Functions/Engine_MaterialFunctions02/Utility/BlendAngleCorrectedNormals.uasset" 19
"../../../Engine/Content/Functions/MaterialLayerFunctions/MatLayerBlend_NormalBlend.uasset" 20
"../../../Engine/Content/Functions/MaterialLayerFunctions/MatLayerBlend_Simple.uasset" 21
"../../../UnrealVersusSoccer/Content/Mannequin/Character/Materials/MaterialLayers/T_ML_Rubber_Blue_01_D.uasset" 22
"../../../UnrealVersusSoccer/Content/Mannequin/Character/Materials/MaterialLayers/T_ML_Rubber_Blue_01_N.uasset" 23
"../../../UnrealVersusSoccer/Content/Mannequin/Character/Materials/MaterialLayers/ML_GlossyBlack_Latex_UE4.uasset" 24
"../../../UnrealVersusSoccer/Content/Mannequin/Character/Materials/MaterialLayers/ML_Plastic_Shiny_Beige.uasset" 25
"../../../UnrealVersusSoccer/Content/Mannequin/Character/Textures/UE4_LOGO_CARD.uasset" 26
"../../../UnrealVersusSoccer/Content/Mannequin/Character/Materials/MaterialLayers/ML_Plastic_Shiny_Beige_LOGO.uasset" 27
"../../../UnrealVersusSoccer/Content/Mannequin/Character/Materials/MaterialLayers/T_ML_Aluminum01.uasset" 28
"../../../UnrealVersusSoccer/Content/Mannequin/Character/Materials/MaterialLayers/T_ML_Aluminum01_N.uasset" 29
"../../../UnrealVersusSoccer/Content/Mannequin/Character/Materials/MaterialLayers/ML_SoftMetal_UE4.uasset" 30
"../../../UnrealVersusSoccer/Content/Mannequin/Character/Textures/UE4_Mannequin__normals.uasset" 31
"../../../UnrealVersusSoccer/Content/Mannequin/Character/Textures/UE4_Mannequin_MAT_MASKA.uasset" 32
"../../../UnrealVersusSoccer/Content/Mannequin/Character/Materials/M_UE4Man_BodyPlayer1.uasset" 33
"../../../UnrealVersusSoccer/Content/StarterContent/Materials/M_Basic_Floor.uasset" 34
"../../../UnrealVersusSoccer/Content/StarterContent/Architecture/Floor_400x400.uasset" 35
"../../../UnrealVersusSoccer/Content/StarterContent/Materials/M_Basic_Wall.uasset" 36
"../../../UnrealVersusSoccer/Content/StarterContent/Architecture/Pillar_50x500.uasset" 37
"../../../UnrealVersusSoccer/Content/StarterContent/Materials/M_AssetPlatform.uasset" 38
"../../../UnrealVersusSoccer/Content/StarterContent/Architecture/SM_AssetPlatform.uasset" 39
"../../../UnrealVersusSoccer/Content/StarterContent/Architecture/Wall_400x200.uasset" 40
"../../../UnrealVersusSoccer/Content/StarterContent/Architecture/Wall_400x300.uasset" 41
"../../../UnrealVersusSoccer/Content/StarterContent/Architecture/Wall_400x400.uasset" 42
"../../../UnrealVersusSoccer/Content/StarterContent/Architecture/Wall_500x500.uasset" 43
"../../../UnrealVersusSoccer/Content/StarterContent/Architecture/Wall_Door_400x300.uasset" 44
"../../../UnrealVersusSoccer/Content/StarterContent/Architecture/Wall_Door_400x400.uasset" 45
"../../../UnrealVersusSoccer/Content/StarterContent/Architecture/Wall_Window_400x300.uasset" 46
"../../../UnrealVersusSoccer/Content/StarterContent/Architecture/Wall_Window_400x400.uasset" 47
"../../../UnrealVersusSoccer/Content/StarterContent/Props/Materials/M_Lamp.uasset" 48
"../../../UnrealVersusSoccer/Content/StarterContent/Props/SM_Lamp_Ceiling.uasset" 49
"../../../UnrealVersusSoccer/Content/StarterContent/Blueprints/Blueprint_CeilingLight.uasset" 50
"../../../UnrealVersusSoccer/Content/StarterContent/Particles/Materials/M_Burst.uasset" 51
"../../../UnrealVersusSoccer/Content/StarterContent/Textures/T_Explosion_SubUV.uasset" 52
"../../../UnrealVersusSoccer/Content/StarterContent/Particles/Materials/M_explosion_subUV.uasset" 53
"../../../UnrealVersusSoccer/Content/StarterContent/Particles/Materials/m_flare_01.uasset" 54
"../../../Engine/Content/Functions/Engine_MaterialFunctions01/Gradient/RadialGradient.uasset" 55
"../../../UnrealVersusSoccer/Content/StarterContent/Particles/Materials/M_radial_ramp.uasset" 56
"../../../UnrealVersusSoccer/Content/StarterContent/Textures/T_Smoke_SubUV.uasset" 57
"../../../UnrealVersusSoccer/Content/StarterContent/Textures/T_Smoke_Tiled_D.uasset" 58
"../../../UnrealVersusSoccer/Content/StarterContent/Particles/Materials/M_smoke_subUV.uasset" 59
"../../../UnrealVersusSoccer/Content/StarterContent/Particles/P_Explosion.uasset" 60
"../../../UnrealVersusSoccer/Content/StarterContent/Blueprints/Blueprint_Effect_Explosion.uasset" 61
"../../../UnrealVersusSoccer/Content/StarterContent/Textures/T_Fire_SubUV.uasset" 62
"../../../UnrealVersusSoccer/Content/StarterContent/Textures/T_Fire_Tiled_D.uasset" 63
"../../../UnrealVersusSoccer/Content/StarterContent/Particles/Materials/M_Fire_SubUV.uasset" 64
"../../../UnrealVersusSoccer/Content/StarterContent/Particles/Materials/M_Radial_Gradient.uasset" 65
"../../../UnrealVersusSoccer/Content/StarterContent/Particles/P_Fire.uasset" 66
"../../../UnrealVersusSoccer/Content/StarterContent/Blueprints/Blueprint_Effect_Fire.uasset" 67
"../../../UnrealVersusSoccer/Content/StarterContent/Particles/P_Smoke.uasset" 68
"../../../UnrealVersusSoccer/Content/StarterContent/Blueprints/Blueprint_Effect_Smoke.uasset" 69
"../../../UnrealVersusSoccer/Content/StarterContent/Textures/T_Spark_Core.uasset" 70
"../../../UnrealVersusSoccer/Content/StarterContent/Particles/Materials/M_Spark.uasset" 71
"../../../UnrealVersusSoccer/Content/StarterContent/Particles/P_Sparks.uasset" 72
"../../../UnrealVersusSoccer/Content/StarterContent/Blueprints/Blueprint_Effect_Sparks.uasset" 73
"../../../UnrealVersusSoccer/Content/StarterContent/Particles/P_Steam_Lit.uasset" 74
"../../../UnrealVersusSoccer/Content/StarterContent/Blueprints/Blueprint_Effect_Steam.uasset" 75
"../../../UnrealVersusSoccer/Content/StarterContent/Props/SM_Lamp_Wall.uasset" 76
"../../../UnrealVersusSoccer/Content/StarterContent/Blueprints/Blueprint_WallSconce.uasset" 77
"../../../UnrealVersusSoccer/Content/StarterContent/Blueprints/Assets/FogBrightnessLUT.uasset" 78
"../../../UnrealVersusSoccer/Content/StarterContent/Blueprints/Assets/SunlightColorLUT.uasset" 79
"../../../UnrealVersusSoccer/Content/StarterContent/Blueprints/Assets/M_LightStage_Arrows.uasset" 80
"../../../Engine/Content/MapTemplates/Sky/DaylightAmbientCubemap.uasset" 81
"../../../UnrealVersusSoccer/Content/StarterContent/Blueprints/Assets/M_LightStage_Skybox_Master.uasset" 82
"../../../UnrealVersusSoccer/Content/StarterContent/Blueprints/Assets/M_LightStage_Skybox_Black.uasset" 83
"../../../UnrealVersusSoccer/Content/StarterContent/Blueprints/Assets/M_LightStage_Skybox_HDRI.uasset" 84
"../../../Engine/Content/EditorMaterials/Thumbnails/SkySphereMaterial.uasset" 85
"../../../UnrealVersusSoccer/Content/StarterContent/Blueprints/Assets/Skybox.uasset" 86
"../../../Engine/Content/Functions/Engine_MaterialFunctions01/Opacity/CameraDepthFade.uasset" 87
"../../../Engine/Content/EngineMaterials/T_Default_Material_Grid_M.uasset" 88
"../../../Engine/Content/EngineMaterials/T_Default_Material_Grid_N.uasset" 89
"../../../Engine/Content/EngineMaterials/WorldGridMaterial.uasset" 90
"../../../UnrealVersusSoccer/Content/StarterContent/Blueprints/Assets/SM_Arrows.uasset" 91
"../../../UnrealVersusSoccer/Content/StarterContent/Blueprints/BP_LightStudio.uasset" 92
"../../../UnrealVersusSoccer/Content/StarterContent/Textures/T_MacroVariation.uasset" 93
"../../../UnrealVersusSoccer/Content/StarterContent/Materials/M_Brick_Clay_Beveled.uasset" 94
"../../../UnrealVersusSoccer/Content/StarterContent/Textures/T_Detail_Rocky_N.uasset" 95
"../../../UnrealVersusSoccer/Content/StarterContent/Materials/M_Brick_Clay_New.uasset" 96
"../../../UnrealVersusSoccer/Content/StarterContent/Textures/T_Perlin_Noise_M.uasset" 97
"../../../UnrealVersusSoccer/Content/StarterContent/Materials/M_Brick_Cut_Stone.uasset" 98
"../../../UnrealVersusSoccer/Content/StarterContent/Materials/M_Brick_Hewn_Stone.uasset" 99
"../../../UnrealVersusSoccer/Content/StarterContent/Textures/T_Rock_Marble_Polished_D.uasset" 100
"../../../UnrealVersusSoccer/Content/StarterContent/Materials/M_Ceramic_Tile_Checker.uasset" 101
"../../../UnrealVersusSoccer/Content/StarterContent/Materials/M_CobbleStone_Pebble.uasset" 102
"../../../UnrealVersusSoccer/Content/StarterContent/Textures/T_Gradinet_01.uasset" 103
"../../../UnrealVersusSoccer/Content/StarterContent/Textures/T_Rock_Smooth_Granite_D.uasset" 104
"../../../UnrealVersusSoccer/Content/StarterContent/Materials/M_CobbleStone_Rough.uasset" 105
"../../../UnrealVersusSoccer/Content/StarterContent/Materials/M_CobbleStone_Smooth.uasset" 106
"../../../Engine/Content/EditorMeshes/ColorCalibrator/T_ColorGrid.uasset" 107
"../../../UnrealVersusSoccer/Content/StarterContent/Materials/M_ColorGrid_LowSpec.uasset" 108
"../../../UnrealVersusSoccer/Content/StarterContent/Materials/M_Concrete_Grime.uasset" 109
"../../../UnrealVersusSoccer/Content/StarterContent/Materials/M_Concrete_Panels.uasset" 110
"../../../UnrealVersusSoccer/Content/StarterContent/Materials/M_Concrete_Poured.uasset" 111
"../../../UnrealVersusSoccer/Content/StarterContent/Textures/T_Concrete_Tiles_Variation_M.uasset" 112
"../../../UnrealVersusSoccer/Content/StarterContent/Materials/M_Concrete_Tiles.uasset" 113
"../../../UnrealVersusSoccer/Content/StarterContent/Textures/T_Ground_Grass_D.uasset" 114
"../../../UnrealVersusSoccer/Content/StarterContent/Textures/T_Ground_Grass_N.uasset" 115
"../../../UnrealVersusSoccer/Content/StarterContent/Materials/M_Ground_GrassFussball.uasset" 116
"../../../UnrealVersusSoccer/Content/StarterContent/Materials/M_GroundEis_Fussball_Inst.uasset" 117
"../../../UnrealVersusSoccer/Content/StarterContent/Materials/M_Ground_Grass.uasset" 118
"../../../UnrealVersusSoccer/Content/StarterContent/Textures/T_Ground_Gravel_D.uasset" 119
"../../../UnrealVersusSoccer/Content/StarterContent/Textures/T_Ground_Gravel_N.uasset" 120
"../../../UnrealVersusSoccer/Content/StarterContent/Materials/M_Ground_Gravel.uasset" 121
"../../../UnrealVersusSoccer/Content/StarterContent/Textures/T_ground_Moss_D.uasset" 122
"../../../UnrealVersusSoccer/Content/StarterContent/Textures/T_Ground_Moss_N.uasset" 123
"../../../UnrealVersusSoccer/Content/StarterContent/Materials/M_Ground_Moss.uasset" 124
"../../../UnrealVersusSoccer/Content/StarterContent/Materials/M_Metal_Brushed_Nickel.uasset" 125
"../../../UnrealVersusSoccer/Content/StarterContent/Textures/T_Metal_Aluminum_D.uasset" 126
"../../../UnrealVersusSoccer/Content/StarterContent/Materials/M_Metal_Burnished_Steel.uasset" 127
"../../../UnrealVersusSoccer/Content/StarterContent/Textures/T_Metal_Copper_D.uasset" 128
"../../../UnrealVersusSoccer/Content/StarterContent/Materials/M_Metal_Copper.uasset" 129
"../../../UnrealVersusSoccer/Content/StarterContent/Materials/M_Metal_Gold.uasset" 130
"../../../UnrealVersusSoccer/Content/StarterContent/Materials/M_Metal_Rust.uasset" 131
"../../../UnrealVersusSoccer/Content/StarterContent/Textures/T_Metal_Steel_D.uasset" 132
"../../../UnrealVersusSoccer/Content/StarterContent/Textures/T_Metal_Steel_N.uasset" 133
"../../../UnrealVersusSoccer/Content/StarterContent/Materials/M_Metal_Steel.uasset" 134
"../../../UnrealVersusSoccer/Content/StarterContent/Textures/T_Rock_Basalt_D.uasset" 135
"../../../UnrealVersusSoccer/Content/StarterContent/Textures/T_Rock_Basalt_N.uasset" 136
"../../../UnrealVersusSoccer/Content/StarterContent/Materials/M_Rock_Basalt.uasset" 137
"../../../UnrealVersusSoccer/Content/StarterContent/Materials/M_Rock_Marble_Polished.uasset" 138
"../../../UnrealVersusSoccer/Content/StarterContent/Textures/T_Rock_Sandstone_D.uasset" 139
"../../../UnrealVersusSoccer/Content/StarterContent/Textures/T_Rock_Sandstone_N.uasset" 140
"../../../UnrealVersusSoccer/Content/StarterContent/Materials/M_Rock_Sandstone.uasset" 141
"../../../UnrealVersusSoccer/Content/StarterContent/Textures/T_Rock_Slate_D.uasset" 142
"../../../UnrealVersusSoccer/Content/StarterContent/Textures/T_Rock_Slate_N.uasset" 143
"../../../UnrealVersusSoccer/Content/StarterContent/Materials/M_Rock_Slate.uasset" 144
"../../../UnrealVersusSoccer/Content/StarterContent/Textures/T_Single_Tile_N.uasset" 145
"../../../UnrealVersusSoccer/Content/StarterContent/Materials/M_Tech_Checker_Dot.uasset" 146
"../../../UnrealVersusSoccer/Content/StarterContent/Materials/M_Tech_Hex_Tile.uasset" 147
"../../../UnrealVersusSoccer/Content/StarterContent/Materials/M_Tech_Hex_Tile_Pulse.uasset" 148
"../../../UnrealVersusSoccer/Content/StarterContent/Materials/M_Tech_Panel.uasset" 149
"../../../UnrealVersusSoccer/Content/StarterContent/Materials/M_Water_Lake.uasset" 150
"../../../UnrealVersusSoccer/Content/StarterContent/Materials/M_Water_Ocean.uasset" 151
"../../../UnrealVersusSoccer/Content/StarterContent/Materials/M_Wood_Floor_Walnut_Polished.uasset" 152
"../../../Engine/Content/Functions/Engine_MaterialFunctions01/Opacity/AlphaOffset.uasset" 153
"../../../UnrealVersusSoccer/Content/StarterContent/Materials/M_Wood_Floor_Walnut_Worn.uasset" 154
"../../../UnrealVersusSoccer/Content/StarterContent/Materials/M_Wood_Oak.uasset" 155
"../../../UnrealVersusSoccer/Content/StarterContent/Materials/M_Wood_Pine.uasset" 156
"../../../UnrealVersusSoccer/Content/StarterContent/Materials/M_Wood_Walnut.uasset" 157
"../../../UnrealVersusSoccer/Content/StarterContent/Textures/T_Dust_Particle_D.uasset" 158
"../../../UnrealVersusSoccer/Content/StarterContent/Particles/Materials/M_Dust_Particle.uasset" 159
"../../../UnrealVersusSoccer/Content/StarterContent/Particles/P_Ambient_Dust.uasset" 160
"../../../UnrealVersusSoccer/Content/StarterContent/Particles/Materials/M_Heat_Distortion.uasset" 161
"../../../UnrealVersusSoccer/Content/StarterContent/Props/MaterialSphere.uasset" 162
"../../../UnrealVersusSoccer/Content/StarterContent/Textures/T_Bush_D.uasset" 163
"../../../UnrealVersusSoccer/Content/StarterContent/Textures/T_Bush_N.uasset" 164
"../../../UnrealVersusSoccer/Content/StarterContent/Props/Materials/M_Bush.uasset" 165
"../../../UnrealVersusSoccer/Content/StarterContent/Props/SM_Bush.uasset" 166
"../../../UnrealVersusSoccer/Content/StarterContent/Props/Materials/M_Chair.uasset" 167
"../../../UnrealVersusSoccer/Content/StarterContent/Props/SM_Chair.uasset" 168
"../../../UnrealVersusSoccer/Content/StarterContent/Props/Materials/M_Frame.uasset" 169
"../../../UnrealVersusSoccer/Content/StarterContent/Props/SM_CornerFrame.uasset" 170
"../../../UnrealVersusSoccer/Content/StarterContent/Props/SM_Couch.uasset" 171
"../../../UnrealVersusSoccer/Content/StarterContent/Materials/M_Glass.uasset" 172
"../../../UnrealVersusSoccer/Content/StarterContent/Props/Materials/M_Door.uasset" 173
"../../../UnrealVersusSoccer/Content/StarterContent/Props/SM_Door.uasset" 174
"../../../UnrealVersusSoccer/Content/StarterContent/Props/SM_DoorFrame.uasset" 175
"../../../UnrealVersusSoccer/Content/StarterContent/Props/SM_GlassWindow.uasset" 176
"../../../UnrealVersusSoccer/Content/StarterContent/Props/Materials/M_MaterialSphere.uasset" 177
"../../../UnrealVersusSoccer/Content/StarterContent/Props/Materials/M_MaterialSphere_Plain.uasset" 178
"../../../UnrealVersusSoccer/Content/StarterContent/Props/SM_MatPreviewMesh_02.uasset" 179
"../../../UnrealVersusSoccer/Content/StarterContent/Props/SM_PillarFrame.uasset" 180
"../../../UnrealVersusSoccer/Content/StarterContent/Props/SM_PillarFrame300.uasset" 181
"../../../UnrealVersusSoccer/Content/StarterContent/Props/Materials/M_Shelf.uasset" 182
"../../../UnrealVersusSoccer/Content/StarterContent/Props/SM_Shelf.uasset" 183
"../../../UnrealVersusSoccer/Content/StarterContent/Props/SM_Stairs.uasset" 184
"../../../UnrealVersusSoccer/Content/StarterContent/Props/Materials/M_TableRound.uasset" 185
"../../../UnrealVersusSoccer/Content/StarterContent/Props/SM_TableRound.uasset" 186
"../../../UnrealVersusSoccer/Content/StarterContent/Props/SM_WindowFrame.uasset" 187
"../../../UnrealVersusSoccer/Content/StarterContent/Shapes/Shape_Cone.uasset" 188
"../../../UnrealVersusSoccer/Content/StarterContent/Shapes/Shape_Cube.uasset" 189
"../../../UnrealVersusSoccer/Content/StarterContent/Shapes/Shape_Cylinder.uasset" 190
"../../../UnrealVersusSoccer/Content/StarterContent/Shapes/Shape_NarrowCapsule.uasset" 191
"../../../UnrealVersusSoccer/Content/StarterContent/Shapes/Shape_Pipe.uasset" 192
"../../../UnrealVersusSoccer/Content/StarterContent/Shapes/Shape_Pipe_180.uasset" 193
"../../../UnrealVersusSoccer/Content/StarterContent/Shapes/Shape_Pipe_90.uasset" 194
"../../../UnrealVersusSoccer/Content/StarterContent/Shapes/Shape_Plane.uasset" 195
"../../../UnrealVersusSoccer/Content/StarterContent/Shapes/Shape_QuadPyramid.uasset" 196
"../../../UnrealVersusSoccer/Content/StarterContent/Shapes/Shape_Sphere.uasset" 197
"../../../UnrealVersusSoccer/Content/StarterContent/Shapes/Shape_Torus.uasset" 198
"../../../UnrealVersusSoccer/Content/StarterContent/Shapes/Shape_Trim.uasset" 199
"../../../UnrealVersusSoccer/Content/StarterContent/Shapes/Shape_Trim_90_In.uasset" 200
"../../../UnrealVersusSoccer/Content/StarterContent/Shapes/Shape_Trim_90_Out.uasset" 201
"../../../UnrealVersusSoccer/Content/StarterContent/Shapes/Shape_TriPyramid.uasset" 202
"../../../UnrealVersusSoccer/Content/StarterContent/Shapes/Shape_Tube.uasset" 203
"../../../UnrealVersusSoccer/Content/StarterContent/Shapes/Shape_Wedge_A.uasset" 204
"../../../UnrealVersusSoccer/Content/StarterContent/Shapes/Shape_Wedge_B.uasset" 205
"../../../UnrealVersusSoccer/Content/StarterContent/Shapes/Shape_WideCapsule.uasset" 206
"../../../UnrealVersusSoccer/Content/ThirdPerson/Meshes/RampMaterial.uasset" 207
"../../../UnrealVersusSoccer/Content/ThirdPerson/Meshes/Bump_StaticMesh.uasset" 208
"../../../UnrealVersusSoccer/Content/ThirdPerson/Meshes/LeftArm_StaticMesh.uasset" 209
"../../../UnrealVersusSoccer/Content/ThirdPerson/Meshes/Linear_Stair_StaticMesh.uasset" 210
"../../../UnrealVersusSoccer/Content/ThirdPerson/Meshes/Ramp_StaticMesh.uasset" 211
"../../../UnrealVersusSoccer/Content/ThirdPerson/Meshes/RightArm_StaticMesh.uasset" 212
"../../../Engine/Content/EditorBlueprintResources/StandardMacros.uasset" 213
"../../../UnrealVersusSoccer/Content/ThirdPersonBP/Materials/Background1.uasset" 214
"../../../UnrealVersusSoccer/Content/ThirdPersonBP/Materials/Titelscreen.uasset" 215
"../../../UnrealVersusSoccer/Content/ThirdPersonBP/Blueprints/MultiplayerMenu_Widget.uasset" 216
"../../../UnrealVersusSoccer/Content/ThirdPersonBP/Blueprints/Multiplayer_GameInstance.uasset" 217
"../../../UnrealVersusSoccer/Content/Mannequin/Animations/ThirdPerson_Jump.uasset" 218
"../../../UnrealVersusSoccer/Content/Mannequin/Animations/ThirdPersonJump_Loop.uasset" 219
"../../../UnrealVersusSoccer/Content/Mannequin/Animations/ThirdPersonJump_Start.uasset" 220
"../../../UnrealVersusSoccer/Content/Mannequin/Animations/ThirdPersonIdle.uasset" 221
"../../../UnrealVersusSoccer/Content/Mannequin/Animations/ThirdPersonRun.uasset" 222
"../../../UnrealVersusSoccer/Content/Mannequin/Animations/ThirdPersonWalk.uasset" 223
"../../../UnrealVersusSoccer/Content/Mannequin/Animations/ThirdPerson_IdleRun_2D.uasset" 224
"../../../UnrealVersusSoccer/Content/Mannequin/Animations/ThirdPerson_AnimBP.uasset" 225
"../../../UnrealVersusSoccer/Content/ThirdPersonBP/Blueprints/UnrealHUD.uasset" 226
"../../../UnrealVersusSoccer/Content/ThirdPersonBP/Materials/FussballMatPhysik.uasset" 227
"../../../UnrealVersusSoccer/Content/ThirdPersonBP/Materials/FussballMaterial.uasset" 228
"../../../Engine/Content/EngineMaterials/DefaultMaterial.uasset" 229
"../../../Engine/Content/BasicShapes/Sphere.uasset" 230
"../../../UnrealVersusSoccer/Content/ThirdPersonBP/Blueprints/Sphere_Blueprint.uasset" 231
"../../../UnrealVersusSoccer/Content/Mannequin/Character/Materials/M_UE4Man_2Player.uasset" 232
"../../../UnrealVersusSoccer/Content/Mannequin/Character/Materials/M_UE4Man_Body.uasset" 233
"../../../UnrealVersusSoccer/Content/ThirdPersonBP/Materials/FussballMaterial_Stopped.uasset" 234
"../../../UnrealVersusSoccer/Content/Mannequin/Character/Textures/UE4Man_Logo_N.uasset" 235
"../../../UnrealVersusSoccer/Content/Mannequin/Character/Materials/M_UE4Man_2PlayerChestLogo.uasset" 236
"../../../UnrealVersusSoccer/Content/ThirdPersonBP/Blueprints/skillWidget.uasset" 237
"../../../UnrealVersusSoccer/Content/Mannequin/Character/Materials/M_UE4Man_ChestLogo.uasset" 238
"../../../UnrealVersusSoccer/Content/Mannequin/Character/Mesh/SK_Mannequin_PhysicsAsset.uasset" 239
"../../../UnrealVersusSoccer/Content/Mannequin/Character/Mesh/SK_Mannequin.uasset" 240
"../../../UnrealVersusSoccer/Content/ThirdPersonBP/Audio/Ball_Kick.uasset" 241
"../../../UnrealVersusSoccer/Content/ThirdPersonBP/Audio/BallKickCue.uasset" 242
"../../../UnrealVersusSoccer/Content/ThirdPersonBP/Audio/GoalSound.uasset" 243
"../../../UnrealVersusSoccer/Content/ThirdPersonBP/Audio/GoalSoundCue.uasset" 244
"../../../UnrealVersusSoccer/Content/ThirdPersonBP/Audio/PopSound.uasset" 245
"../../../UnrealVersusSoccer/Content/ThirdPersonBP/Audio/PopSoundCue.uasset" 246
"../../../UnrealVersusSoccer/Content/ThirdPersonBP/Audio/Victory.uasset" 247
"../../../UnrealVersusSoccer/Content/ThirdPersonBP/Audio/VictoryCue.uasset" 248
"../../../UnrealVersusSoccer/Content/ThirdPersonBP/Materials/Player1Won.uasset" 249
"../../../UnrealVersusSoccer/Content/ThirdPersonBP/Blueprints/Player1Gewonnen_Widget.uasset" 250
"../../../UnrealVersusSoccer/Content/ThirdPersonBP/Blueprints/QuitWidget.uasset" 251
"../../../UnrealVersusSoccer/Content/ThirdPersonBP/Materials/GoalText.uasset" 252
"../../../UnrealVersusSoccer/Content/ThirdPersonBP/Blueprints/TorGeschossen_Widget.uasset" 253
"../../../UnrealVersusSoccer/Content/ThirdPersonBP/Blueprints/ThirdPersonCharacter.uasset" 254
"../../../UnrealVersusSoccer/Content/ThirdPersonBP/Sphere_Blueprint.uasset" 255
"../../../UnrealVersusSoccer/Content/ThirdPersonBP/UnrealHUD.uasset" 256
"../../../UnrealVersusSoccer/Content/ThirdPersonBP/Audio/Ball_Kick-backup1.uasset" 257
"../../../UnrealVersusSoccer/Content/ThirdPersonBP/Materials/Player2Won.uasset" 258
"../../../UnrealVersusSoccer/Content/ThirdPersonBP/Blueprints/Player2Gewonnen_Widget.uasset" 259
"../../../UnrealVersusSoccer/Content/ThirdPersonBP/Maps/FussballMap1_MitMauer_sharedassets/GrassMesh_LayerInfo.uasset" 260
"../../../UnrealVersusSoccer/Content/ThirdPersonBP/Materials/23832449-black-and-white-hexagon-soccer-ball-seamless-pattern-vector.uasset" 261
"../../../UnrealVersusSoccer/Content/ThirdPersonBP/Materials/DescriptionScreenshot.uasset" 262
"../../../UnrealVersusSoccer/Content/ThirdPersonBP/Materials/FussballMaterialBackup.uasset" 263
"../../../UnrealVersusSoccer/Content/ThirdPersonBP/Materials/FussballMaterial_Eis.uasset" 264
"../../../UnrealVersusSoccer/Content/ThirdPersonBP/Materials/M_Glass.uasset" 265
"../../../UnrealVersusSoccer/Content/ThirdPersonBP/Materials/M_Ground_Grass.uasset" 266
"../../../UnrealVersusSoccer/Content/ThirdPersonBP/Materials/GlowEffect.uasset" 267
"../../../UnrealVersusSoccer/Content/ThirdPersonBP/Materials/SkillActive.uasset" 268
"../../../UnrealVersusSoccer/Content/ThirdPersonBP/Materials/Eismap/LandscapeMaterial.uasset" 269
"../../../UnrealVersusSoccer/Content/ThirdPersonBP/Materials/Eismap/textures/Ground_rock_CO.uasset" 270
"../../../UnrealVersusSoccer/Content/ThirdPersonBP/Materials/Eismap/textures/Ground_rock_LP.uasset" 271
"../../../UnrealVersusSoccer/Content/ThirdPersonBP/Materials/Eismap/textures/Ground_rock_NM.uasset" 272
"../../../UnrealVersusSoccer/Content/ThirdPersonBP/Materials/Eismap/textures/snow_CO.uasset" 273
"../../../UnrealVersusSoccer/Content/ThirdPersonBP/Materials/Eismap/textures/snow_LP.uasset" 274
"../../../UnrealVersusSoccer/Content/ThirdPersonBP/Materials/Eismap/textures/snow_NM.uasset" 275
"../../../UnrealVersusSoccer/Content/ThirdPersonBP/Materials/Eismap/M_EisGround.uasset" 276
"../../../UnrealVersusSoccer/Content/ThirdPersonBP/Materials/Eismap/M_Metal_Chrome.uasset" 277
"../../../UnrealVersusSoccer/Content/ThirdPersonBP/Materials/Eismap/EisBaum/BlueSpruce_Desktop_Winter2_FoliageType.uasset" 278
"../../../UnrealVersusSoccer/Content/ThirdPersonBP/Materials/Eismap/EisBaum/BlueSpruce_Desktop_Winter3_FoliageType.uasset" 279
"../../../UnrealVersusSoccer/Content/ThirdPersonBP/Materials/Eismap/EisBaum/BlueSpruce_Desktop_Winter_FoliageType.uasset" 280
"../../../UnrealVersusSoccer/Content/ThirdPersonBP/Materials/Eismap/textures/NewTextureRenderTargetCube.uasset" 281
"../../../UnrealVersusSoccer/Content/ThirdPersonBP/Materials/Eismap/textures/NewTextureRenderTargetCube_Tex.uasset" 282
"../../../UnrealVersusSoccer/Content/ThirdPersonBP/Materials/Eismap/textures/snow_fx.uasset" 283
"../../../UnrealVersusSoccer/Content/ThirdPersonBP/Props/Chainlink_Fence/FenceMetal.uasset" 284
"../../../UnrealVersusSoccer/Content/ThirdPersonBP/Props/Chainlink_Fence/Material__41.uasset" 285
"../../../UnrealVersusSoccer/Content/ThirdPersonBP/Props/Chainlink_Fence/ChainLinkFenceFBX_01_Cylinder002.uasset" 286
"../../../UnrealVersusSoccer/Content/ThirdPersonBP/Props/Chainlink_Fence/ChainLinkFenceFBX_01_Cylinder004.uasset" 287
"../../../UnrealVersusSoccer/Content/ThirdPersonBP/Props/Chainlink_Fence/ChainLinkFenceFBX_01_Cylinder005.uasset" 288
"../../../UnrealVersusSoccer/Content/ThirdPersonBP/Props/Chainlink_Fence/ChainLinkFenceFBX_01_Cylinder007.uasset" 289
"../../../UnrealVersusSoccer/Content/ThirdPersonBP/Props/Chainlink_Fence/ChainLinkFenceFBX_01_Cylinder008.uasset" 290
"../../../UnrealVersusSoccer/Content/ThirdPersonBP/Props/Chainlink_Fence/ChainLinkFenceFBX_01_Cylinder009.uasset" 291
"../../../UnrealVersusSoccer/Content/ThirdPersonBP/Props/Chainlink_Fence/ChainLinkFenceFBX_01_Cylinder010.uasset" 292
"../../../UnrealVersusSoccer/Content/ThirdPersonBP/Props/Chainlink_Fence/ChainLinkFenceFBX_01_Cylinder011.uasset" 293
"../../../UnrealVersusSoccer/Content/ThirdPersonBP/Props/Chainlink_Fence/FenceChain.uasset" 294
"../../../UnrealVersusSoccer/Content/ThirdPersonBP/Props/Chainlink_Fence/Material__40.uasset" 295
"../../../UnrealVersusSoccer/Content/ThirdPersonBP/Props/Chainlink_Fence/ChainLinkFenceFBX_01_Plane001.uasset" 296
"../../../UnrealVersusSoccer/Content/ThirdPersonBP/Props/Chainlink_Fence/ChainLinkFenceFBX_01_Plane002.uasset" 297
"../../../UnrealVersusSoccer/Content/ThirdPersonBP/Props/Chainlink_Fence/Grass_01.uasset" 298
"../../../UnrealVersusSoccer/Content/ThirdPersonBP/Props/Chainlink_Fence/Material__43.uasset" 299
"../../../UnrealVersusSoccer/Content/ThirdPersonBP/Props/Chainlink_Fence/ChainLinkFenceFBX_01_Plane003.uasset" 300
"../../../UnrealVersusSoccer/Content/ThirdPersonBP/Props/Chainlink_Fence/ChainLinkFenceFBX_01_Plane005.uasset" 301
"../../../UnrealVersusSoccer/Content/ThirdPersonBP/Props/Chainlink_Fence/ChainLinkFenceFBX_01_Plane006.uasset" 302
"../../../UnrealVersusSoccer/Content/ThirdPersonBP/Props/Chainlink_Fence/ChainLinkFenceFBX_01_Plane007.uasset" 303
"../../../UnrealVersusSoccer/Content/ThirdPersonBP/Props/Chainlink_Fence/Material__40_Inst1.uasset" 304
"../../../UnrealVersusSoccer/Content/ThirdPersonBP/Props/Chainlink_Fence/M_Kettenzaun_Dach.uasset" 305
"../../../UnrealVersusSoccer/Content/ThirdPersonBP/Props/Chainlink_Fence/M_Kettenzaun_Dach_inst.uasset" 306
"../../../UnrealVersusSoccer/Content/ThirdPersonBP/Props/Chainlink_Fence/M_Kettenzaun_Inst1.uasset" 307
"../../../Engine/Content/BasicShapes/Cone.uasset" 308
"../../../Engine/Content/BasicShapes/Cylinder.uasset" 309
"../../../Engine/Content/BasicShapes/Plane.uasset" 310
"../../../Engine/Content/EditorLandscapeResources/DataLayer.uasset" 311
"../../../Engine/Content/EditorMaterials/GizmoMaterial.uasset" 312
"../../../Engine/Content/EditorMaterials/MAT_Groups_Toggle.uasset" 313
"../../../Engine/Content/EditorMaterials/MAT_Groups_Visibility.uasset" 314
"../../../Engine/Content/EditorMaterials/PreviewShadowIndicator.uasset" 315
"../../../Engine/Content/EditorMaterials/PreviewShadowIndicatorMaterial.uasset" 316
"../../../Engine/Content/EditorMaterials/MatineeGroups/MAT_ColorTrack.uasset" 317
"../../../Engine/Content/EditorMaterials/MatineeGroups/MAT_Groups_Anim.uasset" 318
"../../../Engine/Content/EditorMaterials/MatineeGroups/MAT_Groups_AudioMaster.uasset" 319
"../../../Engine/Content/EditorMaterials/MatineeGroups/MAT_Groups_Director.uasset" 320
"../../../Engine/Content/EditorMaterials/MatineeGroups/MAT_Groups_Event.uasset" 321
"../../../Engine/Content/EditorMaterials/MatineeGroups/MAT_Groups_Fade.uasset" 322
"../../../Engine/Content/EditorMaterials/MatineeGroups/MAT_Groups_Float.uasset" 323
"../../../Engine/Content/EditorMaterials/MatineeGroups/MAT_Groups_Move.uasset" 324
"../../../Engine/Content/EditorMaterials/MatineeGroups/MAT_Groups_Slomo.uasset" 325
"../../../Engine/Content/EditorMaterials/MatineeGroups/MAT_Groups_Sound.uasset" 326
"../../../Engine/Content/EditorMaterials/MatineeGroups/MAT_Groups_Vector.uasset" 327
"../../../Engine/Content/EditorMaterials/ParticleSystems/PSysThumbnail_NoImage.uasset" 328
"../../../Engine/Content/EditorMaterials/ParticleSystems/PSysThumbnail_OOD.uasset" 329
"../../../Engine/Content/EditorMaterials/Camera/CineMat.uasset" 330
"../../../Engine/Content/EditorMaterials/Camera/MI_CineMat_Rig.uasset" 331
"../../../Engine/Content/EditorMeshes/Camera/SM_CraneRig_Arm.uasset" 332
"../../../Engine/Content/EditorMeshes/Camera/SM_CraneRig_Base.uasset" 333
"../../../Engine/Content/EditorMeshes/Camera/SM_CraneRig_Body.uasset" 334
"../../../Engine/Content/EditorMeshes/Camera/SM_CraneRig_Mount.uasset" 335
"../../../Engine/Content/EditorMeshes/Camera/SM_RailRig_Mount.uasset" 336
"../../../Engine/Content/EditorMeshes/Camera/SM_RailRig_Track.uasset" 337
"../../../Engine/Content/EditorMeshes/ColorCalibrator/M_ChromeBall.uasset" 338
"../../../Engine/Content/EditorMeshes/ColorCalibrator/M_ClearCoat.uasset" 339
"../../../Engine/Content/EditorMeshes/ColorCalibrator/M_ClearCoatBlack.uasset" 340
"../../../Engine/Content/EditorMeshes/ColorCalibrator/Color_checker.uasset" 341
"../../../Engine/Content/EditorMeshes/ColorCalibrator/M_ColorGrid.uasset" 342
"../../../Engine/Content/EditorMeshes/ColorCalibrator/M_GreyBall.uasset" 343
"../../../Engine/Content/EditorMeshes/ColorCalibrator/SM_ColorCalibrator.uasset" 344
"../../../Engine/Content/EditorResources/BSPVertex.uasset" 345
"../../../Engine/Content/EditorResources/EmptyActor.uasset" 346
"../../../Engine/Content/EditorResources/S_Actor.uasset" 347
"../../../Engine/Content/EditorResources/S_Trigger.uasset" 348
"../../../Engine/Content/EditorResources/LightIcons/S_LightError.uasset" 349
"../../../Engine/Content/EditorResources/SequenceRecorder/Countdown.uasset" 350
"../../../Engine/Content/EditorResources/SequenceRecorder/RecordingIndicator.uasset" 351
"../../../Engine/Content/EditorSounds/Notifications/CompileFailed.uasset" 352
"../../../Engine/Content/EditorSounds/Notifications/CompileFailed_Cue.uasset" 353
"../../../Engine/Content/EditorSounds/Notifications/CompileSuccess.uasset" 354
"../../../Engine/Content/EditorSounds/Notifications/CompileStart_Cue.uasset" 355
"../../../Engine/Content/EditorSounds/Notifications/CompileSuccess_Cue.uasset" 356
"../../../Engine/Content/EngineDamageTypes/DmgTypeBP_Environmental.uasset" 357
"../../../Engine/Content/EngineDebugMaterials/HeatmapGradient.uasset" 358
"../../../Engine/Content/EngineDebugMaterials/BoneWeightMaterial.uasset" 359
"../../../Engine/Content/EngineDebugMaterials/ClothMaterial.uasset" 360
"../../../Engine/Content/EngineDebugMaterials/ClothMaterial_WF.uasset" 361
"../../../Engine/Content/EngineDebugMaterials/DebugEditorMaterial.uasset" 362
"../../../Engine/Content/EngineDebugMaterials/DebugMeshMaterial.uasset" 363
"../../../Engine/Content/EngineDebugMaterials/GeomMaterial.uasset" 364
"../../../Engine/Content/EngineFonts/Faces/RobotoBold.uasset" 365
"../../../Engine/Content/EngineFonts/Faces/RobotoBoldItalic.uasset" 366
"../../../Engine/Content/EngineFonts/Faces/RobotoItalic.uasset" 367
"../../../Engine/Content/EngineFonts/Faces/RobotoLight.uasset" 368
"../../../Engine/Content/EngineFonts/Faces/RobotoRegular.uasset" 369
"../../../Engine/Content/EngineFonts/Roboto.uasset" 370
"../../../Engine/Content/EngineFonts/Faces/RobotoTiny.uasset" 371
"../../../Engine/Content/EngineFonts/RobotoTiny.uasset" 372
"../../../Engine/Content/EngineMaterials/DefaultBloomKernel.uasset" 373
"../../../Engine/Content/EngineMaterials/DefaultBokeh.uasset" 374
"../../../Engine/Content/EngineMaterials/DefaultDiffuse.uasset" 375
"../../../Engine/Content/EngineMaterials/DefaultDeferredDecalMaterial.uasset" 376
"../../../Engine/Content/EngineMaterials/DefaultLightFunctionMaterial.uasset" 377
"../../../Engine/Content/Functions/Engine_MaterialFunctions02/Utility/BreakOutFloat2Components.uasset" 378
"../../../Engine/Content/EngineMaterials/DefaultPostProcessMaterial.uasset" 379
"../../../Engine/Content/EngineFonts/RobotoDistanceField.uasset" 380
"../../../Engine/Content/EngineMaterials/DefaultTextMaterialOpaque.uasset" 381
"../../../Engine/Content/EngineMaterials/DefaultWhiteGrid.uasset" 382
"../../../Engine/Content/EngineMaterials/EditorBrushMaterial.uasset" 383
"../../../Engine/Content/EngineMaterials/Good64x64TilingNoiseHighFreq.uasset" 384
"../../../Engine/Content/EngineMaterials/MiniFont.uasset" 385
"../../../Engine/Content/EngineMaterials/InvalidLightmapSettings.uasset" 386
"../../../Engine/Content/EngineMaterials/M_InvalidLightmapSettings.uasset" 387
"../../../Engine/Content/Functions/Engine_MaterialFunctions02/WorldPositionOffset/CameraOffset.uasset" 388
"../../../Engine/Content/EngineMaterials/PhAT_JointLimitMaterial.uasset" 389
"../../../Engine/Content/EngineMaterials/PreintegratedSkinBRDF.uasset" 390
"../../../Engine/Content/EngineMaterials/RemoveSurfaceMaterial.uasset" 391
"../../../Engine/Content/EngineMaterials/WeightMapPlaceholderTexture.uasset" 392
"../../../Engine/Content/EngineResources/WhiteSquareTexture.uasset" 393
"../../../Engine/Content/EngineMaterials/Widget3DPassThrough.uasset" 394
"../../../Engine/Content/EngineMaterials/Widget3DPassThrough_Masked.uasset" 395
"../../../Engine/Content/EngineMaterials/Widget3DPassThrough_Opaque.uasset" 396
"../../../Engine/Content/EngineMaterials/Widget3DPassThrough_Masked_OneSided.uasset" 397
"../../../Engine/Content/EngineMaterials/Widget3DPassThrough_Opaque_OneSided.uasset" 398
"../../../Engine/Content/EngineMaterials/Widget3DPassThrough_Translucent.uasset" 399
"../../../Engine/Content/EngineMaterials/Widget3DPassThrough_Translucent_OneSided.uasset" 400
"../../../Engine/Content/EngineMeshes/Cube.uasset" 401
"../../../Engine/Content/EngineMeshes/Cylinder.uasset" 402
"../../../Engine/Content/EngineMeshes/Sphere.uasset" 403
"../../../Engine/Content/EngineResources/Black.uasset" 404
"../../../Engine/Content/EngineResources/DefaultTexture.uasset" 405
"../../../Engine/Content/EngineResources/DefaultTextureCube.uasset" 406
"../../../Engine/Content/EngineResources/GradientTexture0.uasset" 407
"../../../Engine/Content/EngineSounds/Master.uasset" 408
"../../../Engine/Content/Functions/Engine_MaterialFunctions01/Shading/ConvertFromDiffSpec.uasset" 409
"../../../Engine/Content/Functions/Engine_MaterialFunctions01/Shading/PowerToRoughness.uasset" 410
"../../../Engine/Content/Maps/Templates/Thumbnails/Default.uasset" 411
"../../../Engine/Content/Maps/Templates/Thumbnails/VR-Basic.uasset" 412
"../../../Engine/Content/MobileResources/T_MobileControls_texture.uasset" 413
"../../../Engine/Content/MobileResources/T_MobileMenu2.uasset" 414
"../../../Engine/Content/MobileResources/HUD/AnalogHat.uasset" 415
"../../../Engine/Content/MobileResources/HUD/VirtualJoystick_Background.uasset" 416
"../../../Engine/Content/MobileResources/HUD/VirtualJoystick_Thumb.uasset" 417
"../../../Engine/Content/MobileResources/HUD/DefaultVirtualJoysticks.uasset" 418
"../../../Engine/Content/MobileResources/HUD/LeftVirtualJoystickOnly.uasset" 419
"../../../Engine/Content/MobileResources/HUD/MobileHUDButton1_off.uasset" 420
"../../../Engine/Content/MobileResources/HUD/MobileHUDButton1_on.uasset" 421
"../../../Engine/Content/MobileResources/HUD/MobileHUDButton2_off.uasset" 422
"../../../Engine/Content/MobileResources/HUD/MobileHUDButton2_on.uasset" 423
"../../../Engine/Content/MobileResources/HUD/MobileHUDButton3.uasset" 424
"../../../Engine/Content/MobileResources/HUD/MobileHUDButtonFire.uasset" 425
"../../../Engine/Content/MobileResources/HUD/MobileHUDDirectionPad.uasset" 426
"../../../Engine/Content/MobileResources/HUD/MobileHUDDirectionPad2.uasset" 427
"../../../Engine/Content/MobileResources/HUD/MobileHUDDirectionPad3.uasset" 428
"../../../Engine/Content/MobileResources/HUD/MobileHUDDirectionStick.uasset" 429
"../../../Engine/Content/MobileResources/HUD/T_Castle_ThumbstickInner.uasset" 430
"../../../Engine/Content/MobileResources/HUD/T_Castle_ThumbstickOutter.uasset" 431
"../../../Engine/Content/Tutorial/ContentIntroCurve.uasset" 432
"../../../Engine/Content/Tutorial/Basics/TutorialAssets/icon_tab_Levels_40x.uasset" 433
"../../../Engine/Content/Tutorial/BlueprintTutorials/TutorialAssets/BlueprintInterface_64x.uasset" 434
"../../../Engine/Content/Tutorial/BlueprintTutorials/TutorialAssets/BlueprintMacroLibrary_64x.uasset" 435
"../../../Engine/Content/Tutorial/BlueprintTutorials/TutorialAssets/Blueprint_64x.uasset" 436
"../../../Engine/Content/Tutorial/BlueprintTutorials/TutorialAssets/Tutorial_BP_Interface.uasset" 437
"../../../Engine/Content/Tutorial/Foliage/TutorialAssets/Foliage.uasset" 438
"../../../Engine/Content/Tutorial/Landscape/TutorialAssets/Landscape.uasset" 439
"../../../Engine/Content/Tutorial/Paper2D/TutorialAssets/Paper2DFlipbook_TutorialIcon.uasset" 440
"../../../Engine/Content/Tutorial/Paper2D/TutorialAssets/Paper2DSprite_TutorialIcon.uasset" 441
"../../../Engine/Content/Tutorial/SubEditors/TutorialAssets/icon_Editor_Preferences_General_40x.uasset" 442
"../../../Engine/Content/Tutorial/SubEditors/TutorialAssets/icon_ShowSkeletalMeshes_40x.uasset" 443
"../../../Engine/Content/Tutorial/SubEditors/TutorialAssets/TutorialMaterial.uasset" 444
"../../../Engine/Content/Tutorial/SubEditors/TutorialAssets/T_SmokeSubUV_8X8.uasset" 445
"../../../Engine/Content/Tutorial/SubEditors/TutorialAssets/T_soft_smoke.uasset" 446
"../../../Engine/Content/Tutorial/SubEditors/TutorialAssets/M_smoke_subUV_blackbody.uasset" 447
"../../../Engine/Content/Tutorial/SubEditors/TutorialAssets/TutorialParticleSystem.uasset" 448
"../../../Engine/Content/VREditor/Devices/Generic/GenericHMDMaterial.uasset" 449
"../../../Engine/Content/VREditor/Devices/Generic/GenericHMD.uasset" 450
"../../../Engine/Content/VREditor/FloatingText/LineMaterial.uasset" 451
"../../../Engine/Content/VREditor/FloatingText/JointSphere.uasset" 452
"../../../Engine/Content/VREditor/FloatingText/LineSegmentCylinder.uasset" 453
"../../../Engine/Content/VREditor/Fonts/VRText_RobotoLarge.uasset" 454
"../../../Engine/Content/VREditor/Fonts/VRTextMaterial.uasset" 455
"../../../Engine/Content/VREditor/Fonts/TranslucentVRTextMaterial.uasset" 456
"../../../Engine/Content/VREditor/LaserPointer/CursorPointer.uasset" 457
"../../../Engine/Content/VREditor/LaserPointer/VR_LaserPower_01.uasset" 458
"../../../Engine/Content/VREditor/TransformGizmo/TransformGizmoMaterial.uasset" 459
"../../../Engine/Content/VREditor/LaserPointer/HoverMaterial.uasset" 460
"../../../Engine/Content/VREditor/TransformGizmo/TranslucentTransformGizmoMaterial.uasset" 461
"../../../Engine/Content/VREditor/LaserPointer/TranslucentHoverMaterial.uasset" 462
"../../../Engine/Content/VREditor/LaserPointer/HoverMesh.uasset" 463
"../../../Engine/Content/VREditor/LaserPointer/LaserPointerMaterial.uasset" 464
"../../../Engine/Content/VREditor/LaserPointer/LaserPointerMaterialInst.uasset" 465
"../../../Engine/Content/VREditor/LaserPointer/TranslucentLaserPointerMaterialInst.uasset" 466
"../../../Engine/Content/VREditor/LaserPointer/LaserPointerMesh.uasset" 467
"../../../Engine/Content/VREditor/LaserPointer/LaserPointerMesh_End.uasset" 468
"../../../Engine/Content/VREditor/LaserPointer/LaserPointerMesh_Start.uasset" 469
"../../../Engine/Content/Functions/Engine_MaterialFunctions02/Utility/BreakOutFloat3Components.uasset" 470
"../../../Engine/Content/Functions/Engine_MaterialFunctions02/Math/Transform3x3Matrix.uasset" 471
"../../../Engine/Content/Functions/Engine_MaterialFunctions02/SplitComponents.uasset" 472
"../../../Engine/Content/Functions/Engine_MaterialFunctions02/Utility/MakeFloat3.uasset" 473
"../../../Engine/Content/VREditor/SnapGrid/SnapGridMaterial.uasset" 474
"../../../Engine/Content/VREditor/SnapGrid/SnapGridPlaneMesh.uasset" 475
"../../../Engine/Content/VREditor/Sounds/VR_teleport.uasset" 476
"../../../Engine/Content/VREditor/Sounds/UI/Click_on_Button_Cue.uasset" 477
"../../../Engine/Content/VREditor/Sounds/UI/Dockable_Window_Close.uasset" 478
"../../../Engine/Content/VREditor/Sounds/UI/Dockable_Window_Drop.uasset" 479
"../../../Engine/Content/VREditor/Sounds/UI/Dockable_Window_Open.uasset" 480
"../../../Engine/Content/VREditor/Sounds/UI/Dockable_Window_Pick_Up.uasset" 481
"../../../Engine/Content/VREditor/Sounds/UI/Drop_Item_From_ContentBrowser.uasset" 482
"../../../Engine/Content/VREditor/Sounds/UI/Floating_UI_Open-001.uasset" 483
"../../../Engine/Content/VREditor/Sounds/UI/Gizmo_Handle_Clicked.uasset" 484
"../../../Engine/Content/VREditor/Sounds/UI/Object_PickUp.uasset" 485
"../../../Engine/Content/VREditor/Sounds/UI/Object_Snaps_To_Another_Actor.uasset" 486
"../../../Engine/Content/VREditor/Sounds/UI/Object_Snaps_To_Grid.uasset" 487
"../../../Engine/Content/VREditor/Sounds/UI/Radial_Menu_FadeOut.uasset" 488
"../../../Engine/Content/VREditor/Sounds/UI/Scaling_Down.uasset" 489
"../../../Engine/Content/VREditor/Sounds/UI/Scaling_Up.uasset" 490
"../../../Engine/Content/VREditor/Sounds/UI/Selection_Changes.uasset" 491
"../../../Engine/Content/VREditor/Sounds/UI/Teleport_Mode_Entered.uasset" 492
"../../../Engine/Content/VREditor/Teleport/TeleportDirectionMaterial.uasset" 493
"../../../Engine/Content/VREditor/Teleport/TeleportDirectionMaterial_Inst.uasset" 494
"../../../Engine/Content/VREditor/Teleport/TeleportDirectionMesh.uasset" 495
"../../../Engine/Content/VREditor/TransformGizmo/BoundingBoxCorner.uasset" 496
"../../../Engine/Content/VREditor/TransformGizmo/BoundingBoxEdge.uasset" 497
"../../../Engine/Content/VREditor/TransformGizmo/PlaneTranslationHandle.uasset" 498
"../../../Engine/Content/VREditor/TransformGizmo/RotationHandleFull.uasset" 499
"../../../Engine/Content/VREditor/TransformGizmo/RotationHandleIndicator.uasset" 500
"../../../Engine/Content/VREditor/TransformGizmo/RotationHandleQuarter.uasset" 501
"../../../Engine/Content/VREditor/TransformGizmo/Main.uasset" 502
"../../../Engine/Content/VREditor/TransformGizmo/Xray.uasset" 503
"../../../Engine/Content/VREditor/TransformGizmo/SM_Dialog_Close.uasset" 504
"../../../Engine/Content/VREditor/TransformGizmo/SM_Dialog_Move.uasset" 505
"../../../Engine/Content/VREditor/TransformGizmo/SM_Sequencer_Key.uasset" 506
"../../../Engine/Content/VREditor/TransformGizmo/SM_Sequencer_Node.uasset" 507
"../../../Engine/Content/VREditor/TransformGizmo/StartRotationHandleIndicator.uasset" 508
"../../../Engine/Content/VREditor/TransformGizmo/TranslucentTransformGizmoMaterial_Inst.uasset" 509
"../../../Engine/Content/VREditor/TransformGizmo/TransformGizmoFreeRotation.uasset" 510
"../../../Engine/Content/VREditor/TransformGizmo/TransformGizmoMaterial_Inst.uasset" 511
"../../../Engine/Content/VREditor/TransformGizmo/TranslateArrowHandle.uasset" 512
"../../../Engine/Content/VREditor/TransformGizmo/UniformScaleHandle.uasset" 513
"../../../Engine/Content/VREditor/UI/KeyDiskMaterial.uasset" 514
"../../../Engine/Content/VREditor/UI/DiscMaterial.uasset" 515
"../../../Engine/Content/VREditor/UI/SM_Radial_Disk.uasset" 516
"../../../Engine/Content/VREditor/WorldMovementGrid/SimpleGrid.uasset" 517
"../../../Engine/Content/VREditor/WorldMovementGrid/GridMaterial.uasset" 518
"../../../Engine/Content/Functions/Engine_MaterialFunctions01/Density/ExponentialDensity.uasset" 519
"../../../Engine/Content/VREditor/WorldMovementGrid/GridPostProcess.uasset" 520
"../../../Engine/Content/EditorLandscapeResources/FlattenHeightMat.uasset" 521
"../../../Engine/Content/VREditor/WorldMovementGrid/PlaneMesh.uasset" 522
"../../../Engine/Plugins/2D/Paper2D/Content/PlaceholderTextures/DummySpriteTexture.uasset" 523
"../../../Engine/Plugins/2D/Paper2D/Content/DummySprite.uasset" 524
"../../../Engine/Plugins/2D/Paper2D/Content/DefaultPaperTerrainMaterial.uasset" 525
"../../../Engine/Plugins/2D/Paper2D/Content/DefaultSpriteMaterial.uasset" 526
"../../../Engine/Plugins/2D/Paper2D/Content/MaskedUnlitSpriteMaterial.uasset" 527
"../../../Engine/Plugins/2D/Paper2D/Content/OpaqueUnlitSpriteMaterial.uasset" 528
"../../../Engine/Plugins/Media/MediaCompositing/Content/DefaultMediaPlaneMaterial.uasset" 529
"../../../Engine/Content/Functions/Engine_MaterialFunctions02/Utility/MakeFloat4.uasset" 530
"../../../Engine/Plugins/Runtime/AppleARKit/Content/ARKitCameraMaterial.uasset" 531
"../../../Engine/Plugins/Runtime/Oculus/OculusVR/Content/Textures/GearVRController_AO.uasset" 532
"../../../Engine/Plugins/Runtime/Oculus/OculusVR/Content/Textures/GearVRController_Color.uasset" 533
"../../../Engine/Plugins/Runtime/Oculus/OculusVR/Content/Textures/GearVRController_Normal.uasset" 534
"../../../Engine/Plugins/Runtime/Oculus/OculusVR/Content/Materials/GearVRControllerMaterial.uasset" 535
"../../../Engine/Plugins/Runtime/Oculus/OculusVR/Content/Meshes/GearVrController.uasset" 536
"../../../UnrealVersusSoccer/Content/ThirdPersonBP/Blueprints/Tor1Trigger_Blueprint.uasset" 537
"../../../UnrealVersusSoccer/Content/ThirdPersonBP/Blueprints/Tor2Trigger_Blueprint.uasset" 538
"../../../Engine/Content/EngineSky/C_Sky_Cloud_Color.uasset" 539
"../../../Engine/Content/EngineSky/C_Sky_Horizon_Color.uasset" 540
"../../../Engine/Content/EngineSky/C_Sky_Zenith_Color.uasset" 541
"../../../Engine/Content/EngineSky/T_Sky_Blue.uasset" 542
"../../../Engine/Content/EngineSky/T_Sky_Clouds_M.uasset" 543
"../../../Engine/Content/EngineSky/T_Sky_Stars.uasset" 544
"../../../Engine/Content/EngineSky/M_Sky_Panning_Clouds2.uasset" 545
"../../../Engine/Content/EngineSky/SM_SkySphere.uasset" 546
"../../../Engine/Content/EngineSky/BP_Sky_Sphere.uasset" 547
"../../../UnrealVersusSoccer/Content/ThirdPersonBP/Blueprints/ThirdPersonGameMode.uasset" 548
"../../../UnrealVersusSoccer/Content/ThirdPersonBP/Materials/Grass_LayerInfo.uasset" 549
"../../../UnrealVersusSoccer/Content/ThirdPersonBP/Materials/Gravel_LayerInfo.uasset" 550
"../../../UnrealVersusSoccer/Content/ThirdPersonBP/Materials/Rock_LayerInfo.uasset" 551
"../../../UnrealVersusSoccer/Content/ThirdPersonBP/Maps/FussballMap1_MitMauer_BuiltData.uasset" 552
"../../../UnrealVersusSoccer/Content/Mannequin/Character/Materials/M_UE4Man_1Player.uasset" 553
"../../../UnrealVersusSoccer/Content/StarterContent/Materials/M_Brick_Clay_Old.uasset" 554
"../../../UnrealVersusSoccer/Content/StarterContent/Materials/M_Metal_Chrome.uasset" 555
"../../../UnrealVersusSoccer/Content/ThirdPersonBP/Materials/LandscapeMaterial.uasset" 556
"../../../UnrealVersusSoccer/Content/ThirdPersonBP/Materials/M_Transparent.uasset" 557
"../../../UnrealVersusSoccer/Content/Mannequin/Character/Materials/M_UE4Man_1PlayerChestLogo.uasset" 558
"../../../UnrealVersusSoccer/Content/StarterContent/Materials/M_Ground_GrassFussball_Inst.uasset" 559
"../../../UnrealVersusSoccer/Content/ThirdPersonBP/Props/Chainlink_Fence/M_Kettenzaun_Inst.uasset" 560
"../../../Engine/Content/BasicShapes/Cube.uasset" 561
"../../../Engine/Content/EngineMaterials/DefaultPhysicalMaterial.uasset" 562
"../../../UnrealVersusSoccer/Content/Geometry/Meshes/TemplateFloor.uasset" 563
"../../../UnrealVersusSoccer/Content/GrassMeshes/Grass/SM_grass1.uasset" 564
"../../../UnrealVersusSoccer/Content/GrassMeshes/Grass/SM_grass2.uasset" 565
"../../../UnrealVersusSoccer/Content/GrassMeshes/Grass/SM_grass3.uasset" 566
"../../../UnrealVersusSoccer/Content/GrassMeshes/Grass/SM_grass4.uasset" 567
"../../../UnrealVersusSoccer/Content/GrassMeshes/Grass/SM_grass5.uasset" 568
"../../../UnrealVersusSoccer/Content/GrassMeshes/Grass/SM_grass6.uasset" 569
"../../../UnrealVersusSoccer/Content/StarterContent/Textures/T_RockMesh_M.uasset" 570
"../../../UnrealVersusSoccer/Content/StarterContent/Textures/T_RockMesh_N.uasset" 571
"../../../UnrealVersusSoccer/Content/StarterContent/Props/Materials/M_Rock.uasset" 572
"../../../UnrealVersusSoccer/Content/StarterContent/Props/SM_Rock.uasset" 573
"../../../UnrealVersusSoccer/Content/ThirdPersonBP/Props/Chainlink_Fence/ChainLinkFenceFBX_01_Cylinder001.uasset" 574
"../../../UnrealVersusSoccer/Content/ThirdPersonBP/Props/Chainlink_Fence/ChainLinkFenceFBX_01_Cylinder006.uasset" 575
"../../../UnrealVersusSoccer/Content/ThirdPersonBP/Props/Chainlink_Fence/ChainLinkFenceFBX_01_Plane004.uasset" 576
"../../../UnrealVersusSoccer/Content/ThirdPersonBP/Maps/FussballMap1_MitMauer.umap" 577
"../../../UnrealVersusSoccer/Content/ThirdPersonBP/Maps/FussballMap2_sharedassets/RockMap2_LayerInfo.uasset" 578
"../../../UnrealVersusSoccer/Content/ThirdPersonBP/Maps/FussballMap2_sharedassets/RockSchnee_LayerInfo.uasset" 579
"../../../UnrealVersusSoccer/Content/ThirdPersonBP/Maps/FussballMap2_sharedassets/Schnee_LayerInfo.uasset" 580
"../../../UnrealVersusSoccer/Content/ThirdPersonBP/Maps/FussballMap2_BuiltData.uasset" 581
"../../../UnrealVersusSoccer/Content/ThirdPersonBP/Materials/Eismap/LandscapeMaterial_Eis.uasset" 582
"../../../UnrealVersusSoccer/Content/ThirdPersonBP/Materials/Eismap/M_Chrome_Eis.uasset" 583
"../../../Engine/Content/Functions/Engine_MaterialFunctions01/AlphaBlend/WorldAlignedBlend.uasset" 584
"../../../UnrealVersusSoccer/Content/ThirdPersonBP/Materials/Eismap/EisBaum/BlueSpruceBark_Normal_Tex.uasset" 585
"../../../UnrealVersusSoccer/Content/ThirdPersonBP/Materials/Eismap/EisBaum/BlueSpruceBark_Tex.uasset" 586
"../../../UnrealVersusSoccer/Content/ThirdPersonBP/Materials/Eismap/EisBaum/BlueSpruce_Desktop_Winter_Branches_Mat.uasset" 587
"../../../UnrealVersusSoccer/Content/ThirdPersonBP/Materials/Eismap/EisBaum/BlueSpruce_Desktop_Winter_Atlas_Normal_Tex.uasset" 588
"../../../UnrealVersusSoccer/Content/ThirdPersonBP/Materials/Eismap/EisBaum/BlueSpruce_Desktop_Winter_Atlas_Tex.uasset" 589
"../../../UnrealVersusSoccer/Content/ThirdPersonBP/Materials/Eismap/EisBaum/BlueSpruce_Desktop_Winter_Fronds_Mat.uasset" 590
"../../../UnrealVersusSoccer/Content/ThirdPersonBP/Materials/Eismap/EisBaum/BlueSpruce_Desktop_Winter_Leaves_Mat.uasset" 591
"../../../UnrealVersusSoccer/Content/ThirdPersonBP/Materials/Eismap/EisBaum/BlueSpruce_Desktop_Winter.uasset" 592
"../../../UnrealVersusSoccer/Content/ThirdPersonBP/Materials/Eismap/EisBaum/BlueSpruce_Desktop_Winter2.uasset" 593
"../../../UnrealVersusSoccer/Content/ThirdPersonBP/Materials/Eismap/EisBaum/BlueSpruce_Desktop_Winter3.uasset" 594
"../../../UnrealVersusSoccer/Content/ThirdPersonBP/Materials/FussballMatPhysik_Ice.uasset" 595
"../../../UnrealVersusSoccer/Content/ThirdPersonBP/Maps/FussballMap2.umap" 596
"../../../UnrealVersusSoccer/Content/ThirdPersonBP/Maps/Hauptmenu_BuiltData.uasset" 597
"../../../UnrealVersusSoccer/Content/ThirdPersonBP/Maps/Hauptmenu.umap" 598
"../../../Engine/Content/Maps/Entry.umap" 599
